pvz/build/intermediates/manifest_merge_blame_file/debug/manifest-merger-blame-debug-report.txt
1<?xml version="1.0" encoding="utf-8"?>
2<manifest xmlns:android="http://schemas.android.com/apk/res/android"
3    package="top.tunm.xmut.tunmpvz" >
4
5    <uses-sdk
6        android:minSdkVersion="16"
6-->src\main\AndroidManifest.xml
7        android:targetSdkVersion="29" />
7-->src\main\AndroidManifest.xml
8
9    <application>
9-->src\main\AndroidManifest.xml:5:5-9:19
10        <activity
10-->src\main\AndroidManifest.xml:6:9-8:20
11            android:name="top.tunm.xmut.tunmpvz.MainActivity"
11-->src\main\AndroidManifest.xml:6:19-47
12            android:screenOrientation="landscape" >
12-->src\main\AndroidManifest.xml:7:13-50
13        </activity>
14    </application>
15
16</manifest>